=== Parse Tokens ===

Identifier("x")
Int(1)
Int(2)
Int(3)
OpMul
OpAdd
Int(4)
Int(5)
OpDiv
OpSub
StoreValue
LineNumber(1)
Identifier("x")
Identifier("foo")
Identifier("bar")
Int(1)
Int(2)
OpAdd
OpFuncEval(1)
OpFuncCompose
Identifier("baz")
Identifier("x")
OpFuncEval(1)
OpFuncCompose
Identifier("z")
OpFuncCompose
StoreValue
LineNumber(2)
Identifier("x")
Identifier("three")
Identifier("four")
OpFuncCompose
Int(1)
Int(2)
OpGreaterThan
OpLogicalAnd
Int(6)
Int(7)
OpGreaterThanEqual
OpLogicalOr
StoreValue