L1: 0000 Nil
    0001 Str(0 -> "abcdef")
    0002 Dup
    0003 Bound(List)
    0004 OpIs
    0005 JumpIfTruePop(8)
    0006 Bound(List)
    0007 OpFuncCompose
    0008 Int(0 -> 0)
    0009 PushGlobal(2)
    0010 PushGlobal(1)
    0011 Bound(Len)
    0012 OpFuncCompose
    0013 OpLessThan
    0014 JumpIfFalsePop(30)
    0015 PushGlobal(1)
    0016 PushGlobal(2)
    0017 OpIndex
    0018 StoreGlobal(0)
    0019 Pop
L2: 0020 PushGlobal(0)
    0021 Bound(Print)
    0022 OpFuncCompose
L3: 0023 Pop
    0024 PushGlobal(2)
    0025 Int(1 -> 1)
    0026 OpAdd
    0027 StoreGlobal(2)
    0028 Pop
    0029 Jump(9)
    0030 PopN(3)
    0031 Exit