L1: 0000 Nil
    0001 Str(1) -> "abcdef"
    0002 Dup
    0003 NativeFunction(List)
    0004 OpIs
    0005 JumpIfTruePop(9)
    0006 NativeFunction(List)
    0007 Swap
    0008 OpFuncEval(1)
    0009 Int(0) -> 0
    0010 PushGlobal(2, true) -> $1
    0011 NativeFunction(Len)
    0012 PushGlobal(1, true) -> $0
    0013 OpFuncEval(1)
    0014 OpLessThan
    0015 JumpIfFalsePop(32)
    0016 PushGlobal(1, true) -> $0
    0017 PushGlobal(2, true) -> $1
    0018 OpIndex
    0019 StoreGlobal(0, true) -> letter
    0020 Pop
L2: 0021 PushGlobal(0, true) -> letter
    0022 NativeFunction(Print)
    0023 Swap
    0024 OpFuncEval(1)
L3: 0025 Pop
    0026 PushGlobal(2, true) -> $1
    0027 Int(1) -> 1
    0028 OpAdd
    0029 StoreGlobal(2, true) -> $1
    0030 Pop
    0031 Jump(10)
    0032 PopN(3)
    0033 Exit