L01: 0000 Function(0) -> FunctionImpl { head: 2, tail: 29, nargs: 0, name: "foo", args: [] }
     0001 Jump(30)
L02: 0002 True
     0003 JumpIfFalsePop(8)
L03: 0004 Nil
     0005 Return
L04: 0006 Nil
     0007 Jump(9)
     0008 Nil
L05: 0009 Pop
     0010 False
     0011 JumpIfFalsePop(16)
L06: 0012 Nil
     0013 Return
L07: 0014 Nil
     0015 Jump(17)
     0016 Nil
L08: 0017 Pop
     0018 Nil
     0019 JumpIfFalsePop(24)
L09: 0020 Int(0) -> 123
     0021 Return
L10: 0022 Nil
     0023 Jump(25)
     0024 Nil
     0025 Pop
L11: 0026 Nil
     0027 Return
     0028 Nil
L12: 0029 Return
     0030 Pop
     0031 Exit