L1: 0000 Nil
L2: 0001 Int(0) -> 1
    0002 OpAdd
    0003 StoreGlobal(0) -> x
    0004 Pop
    0005 UnarySub
L3: 0006 StoreGlobal(0) -> x
    0007 Pop
    0008 Bound(Print)
    0009 OpFuncCompose
L4: 0010 StoreGlobal(0) -> x
    0011 Pop
    0012 Bound(Print)
    0013 StoreGlobal(0) -> x
    0014 Pop
L5: 0015 Bound(Print)
    0016 Int(1) -> 4
    0017 OpFuncEval(2)
    0018 StoreGlobal(0) -> x
L6: 0019 Pop
    0020 Bound(Print)
    0021 Int(2) -> 5
    0022 OpFuncEval(1)
    0023 StoreGlobal(0) -> x
    0024 Pop
L7: 0025 Pop
    0026 Exit
Expected an expression terminal, got '+' token instead
  at: line 2 (invalid_expressions.cor)
  at:

{ x = 1 + + 3 }

Expected an expression terminal, got '+' token instead
  at: line 3 (invalid_expressions.cor)
  at:

{ x = - + 2 }

Expected an expression terminal, got '.' token instead
  at: line 4 (invalid_expressions.cor)
  at:

{ x = print .. 3 }

Expecting a statement, got integer '3' instead
  at: line 5 (invalid_expressions.cor)
  at:

{ x = print 3 }

Expected an expression terminal, got ',' token instead
  at: line 6 (invalid_expressions.cor)
  at:

{ x = print (4 ,, 5) }

Expected a ',' or ')' after function invocation, got integer '6' instead
  at: line 7 (invalid_expressions.cor)
  at:

{ x = print (5 6) }
