L1: 0000 IncGlobalCount
    0001 IncGlobalCount
    0002 IncGlobalCount
    0003 Nil
    0004 Nil
    0005 Nil
L2: 0006 LiteralBegin(Vector, 2)
    0007 Int(1) -> 1
    0008 Int(2) -> 2
    0009 LiteralAcc(2)
    0010 LiteralEnd
    0011 CheckLengthEqualTo(2) -> 2
    0012 Int(0) -> 0
    0013 OpIndexPeek
    0014 StoreGlobal(1) -> y
    0015 PopN(2)
    0016 Int(1) -> 1
    0017 OpIndexPeek
    0018 StoreGlobal(2) -> z
    0019 PopN(2)
    0020 StoreGlobal(0) -> x
    0021 Pop
    0022 PopN(3)
    0023 Exit