L01: 0000 InitGlobal
     0001 Function(fn foo() -> L[7, 14])
L11: 0002 PushGlobal(0) -> foo
     0003 Call(0)
     0004 Pop
     0005 Pop
     0006 Exit
L02: 0007 Int(0)
L03: 0008 Function(fn bar() -> L[15, 23])
L08: 0009 Closure
     0010 CloseLocal(0)
L09: 0011 PushLocal(1) -> bar
     0012 Call(0)
L10: 0013 LiftUpValue(0)
     0014 Return
L05: 0015 Function(fn _() -> L[24, 25])
     0016 Call(0)
L06: 0017 Pop
     0018 Jump(15)
L07: 0019 PushUpValue(0)
     0020 Print
     0021 Swap
     0022 Call(1)
L08: 0023 Return
L05: 0024 Nil
     0025 Return
Invalid 'break' statement outside of an enclosing loop
  at: line 5 (weird_loop_nesting_in_functions.cor)

5 |             (fn() { break })()
6 |                     ^^^^^
