L1: 0000 IncGlobalCount
    0001 Function(0) -> FunctionImpl { head: 8, tail: 18, nargs: 1, name: "problem", args: ["param"] }
L6: 0002 PushGlobal(0) -> problem
    0003 Nil
    0004 OpFuncEval(1)
    0005 Pop
    0006 Pop
    0007 Exit
L2: 0008 Nil
L3: 0009 Function(1) -> FunctionImpl { head: 19, tail: 20, nargs: 0, name: "_", args: [] }
    0010 Closure
    0011 CloseLocal(1)
    0012 Pop
L4: 0013 Function(2) -> FunctionImpl { head: 21, tail: 22, nargs: 0, name: "_", args: [] }
    0014 Closure
    0015 CloseLocal(1)
    0016 OpFuncEval(0)
L5: 0017 LiftUpValue(1)
    0018 Return
L3: 0019 PushUpValue(0)
    0020 Return
L4: 0021 PushUpValue(0)
    0022 Return